0 info it worked if it ends with ok
1 verbose cli [ '/home/coder/.nvm/versions/node/v5.7.1/bin/node',
1 verbose cli   '/home/coder/.nvm/versions/node/v5.7.1/bin/npm',
1 verbose cli   'view' ]
2 info using npm@3.6.0
3 info using node@v5.7.1
4 verbose config Skipping project config: /home/coder/.npmrc. (matches userconfig)
5 verbose stack Error: Invalid package.json
5 verbose stack     at /home/coder/.nvm/versions/node/v5.7.1/lib/node_modules/npm/lib/view.js:81:30
5 verbose stack     at ReadFileContext.<anonymous> (/home/coder/.nvm/versions/node/v5.7.1/lib/node_modules/npm/node_modules/read-package-json/read-json.js:79:21)
5 verbose stack     at ReadFileContext.callback (/home/coder/.nvm/versions/node/v5.7.1/lib/node_modules/npm/node_modules/graceful-fs/graceful-fs.js:76:16)
5 verbose stack     at FSReqWrap.readFileAfterOpen [as oncomplete] (fs.js:324:13)
6 verbose cwd /home/coder/project/Spaza-Kata
7 error Linux 3.13.0-32-generic
8 error argv "/home/coder/.nvm/versions/node/v5.7.1/bin/node" "/home/coder/.nvm/versions/node/v5.7.1/bin/npm" "view"
9 error node v5.7.1
10 error npm  v3.6.0
11 error Invalid package.json
12 error If you need help, you may report this error at:
12 error     <https://github.com/npm/npm/issues>
13 verbose exit [ 1, true ]
